<?xml version="1.0" encoding="UTF-8" ?>
<testsuite errors="0" failures="0" hostname="Andre-ПК" name="ua.goit.andre.ee2.ExecutorTest" skipped="0" tests="7" time="0.144" timestamp="2016-04-10T21:03:18">
  <properties>
    <property name="java.vendor" value="Oracle Corporation" />
    <property name="sun.java.launcher" value="SUN_STANDARD" />
    <property name="sun.management.compiler" value="HotSpot 64-Bit Tiered Compilers" />
    <property name="dist" value="C:\java_Andre\Idea\GoIt1\ee4\ee2ant\dist" />
    <property name="lib" value="C:\java_Andre\Idea\GoIt1\ee4\ee2ant\lib" />
    <property name="os.name" value="Windows 8.1" />
    <property name="sun.boot.class.path" value="C:\Program Files\Java\jdk1.8.0_40\jre\lib\resources.jar;C:\Program Files\Java\jdk1.8.0_40\jre\lib\rt.jar;C:\Program Files\Java\jdk1.8.0_40\jre\lib\sunrsasign.jar;C:\Program Files\Java\jdk1.8.0_40\jre\lib\jsse.jar;C:\Program Files\Java\jdk1.8.0_40\jre\lib\jce.jar;C:\Program Files\Java\jdk1.8.0_40\jre\lib\charsets.jar;C:\Program Files\Java\jdk1.8.0_40\jre\lib\jfr.jar;C:\Program Files\Java\jdk1.8.0_40\jre\classes" />
    <property name="test.build" value="C:\java_Andre\Idea\GoIt1\ee4\ee2ant\test.build" />
    <property name="sun.desktop" value="windows" />
    <property name="java.vm.specification.vendor" value="Oracle Corporation" />
    <property name="ant.home" value="C:\Program Files (x86)\apache-ant-1.9.6" />
    <property name="java.runtime.version" value="1.8.0_40-b26" />
    <property name="test.report" value="C:\java_Andre\Idea\GoIt1\ee4\ee2ant\test.report" />
    <property name="user.name" value="Andre" />
    <property name="user.language" value="ru" />
    <property name="build" value="C:\java_Andre\Idea\GoIt1\ee4\ee2ant\build" />
    <property name="sun.boot.library.path" value="C:\Program Files\Java\jdk1.8.0_40\jre\bin" />
    <property name="ant.project.name" value="ee3phaser" />
    <property name="java.version" value="1.8.0_40" />
    <property name="user.timezone" value="Europe/Helsinki" />
    <property name="sun.arch.data.model" value="64" />
    <property name="java.endorsed.dirs" value="C:\Program Files\Java\jdk1.8.0_40\jre\lib\endorsed" />
    <property name="sun.cpu.isalist" value="amd64" />
    <property name="sun.jnu.encoding" value="Cp1251" />
    <property name="file.encoding.pkg" value="sun.io" />
    <property name="file.separator" value="\" />
    <property name="java.specification.name" value="Java Platform API Specification" />
    <property name="java.class.version" value="52.0" />
    <property name="src" value="C:\java_Andre\Idea\GoIt1\ee4\ee2ant\src" />
    <property name="user.country" value="RU" />
    <property name="java.home" value="C:\Program Files\Java\jdk1.8.0_40\jre" />
    <property name="java.vm.info" value="mixed mode" />
    <property name="ant.file" value="C:\java_Andre\Idea\GoIt1\ee4\ee2ant\build.xml" />
    <property name="os.version" value="6.3" />
    <property name="path.separator" value=";" />
    <property name="java.vm.version" value="25.40-b25" />
    <property name="ant.file.ee3phaser" value="C:\java_Andre\Idea\GoIt1\ee4\ee2ant\build.xml" />
    <property name="user.variant" value="" />
    <property name="ant.library.dir" value="C:\Program Files (x86)\apache-ant-1.9.6\lib" />
    <property name="java.awt.printerjob" value="sun.awt.windows.WPrinterJob" />
    <property name="sun.io.unicode.encoding" value="UnicodeLittle" />
    <property name="awt.toolkit" value="sun.awt.windows.WToolkit" />
    <property name="sun.stdout.encoding" value="cp866" />
    <property name="user.script" value="" />
    <property name="user.home" value="C:\Users\Andre" />
    <property name="java.specification.vendor" value="Oracle Corporation" />
    <property name="java.library.path" value="C:\Program Files\Java\jdk1.8.0_40\bin;C:\WINDOWS\Sun\Java\bin;C:\WINDOWS\system32;C:\WINDOWS;C:\ProgramData\Oracle\Java\javapath;C:\Program Files (x86)\NVIDIA Corporation\PhysX\Common;C:\WINDOWS\system32;C:\WINDOWS;C:\WINDOWS\System32\Wbem;C:\WINDOWS\System32\WindowsPowerShell\v1.0\;C:\Program Files (x86)\Bitvise Tunnelier;C:\Program Files (x86)\apache-ant-1.9.6\bin;C:\Program Files (x86)\MySQL\MySQL Utilities 1.4\;C:\Program Files (x86)\MySQL\MySQL Utilities 1.4\Doctrine extensions for PHP\;C:\Program Files\Java\jdk1.8.0_40\bin;C:\Program Files (x86)\Skype\Phone\;C:\Program Files (x86)\apache-maven-3.3.9\bin;." />
    <property name="java.vendor.url" value="http://java.oracle.com/" />
    <property name="java.vm.vendor" value="Oracle Corporation" />
    <property name="java.runtime.name" value="Java(TM) SE Runtime Environment" />
    <property name="sun.java.command" value="org.apache.tools.ant.launch.Launcher junit" />
    <property name="java.class.path" value="C:\Program Files (x86)\apache-ant-1.9.6\lib\ant-launcher.jar;C:\Program Files (x86)\apache-ant-1.9.6\lib\ant-antlr.jar;C:\Program Files (x86)\apache-ant-1.9.6\lib\ant-apache-bcel.jar;C:\Program Files (x86)\apache-ant-1.9.6\lib\ant-apache-bsf.jar;C:\Program Files (x86)\apache-ant-1.9.6\lib\ant-apache-log4j.jar;C:\Program Files (x86)\apache-ant-1.9.6\lib\ant-apache-oro.jar;C:\Program Files (x86)\apache-ant-1.9.6\lib\ant-apache-regexp.jar;C:\Program Files (x86)\apache-ant-1.9.6\lib\ant-apache-resolver.jar;C:\Program Files (x86)\apache-ant-1.9.6\lib\ant-apache-xalan2.jar;C:\Program Files (x86)\apache-ant-1.9.6\lib\ant-commons-logging.jar;C:\Program Files (x86)\apache-ant-1.9.6\lib\ant-commons-net.jar;C:\Program Files (x86)\apache-ant-1.9.6\lib\ant-jai.jar;C:\Program Files (x86)\apache-ant-1.9.6\lib\ant-javamail.jar;C:\Program Files (x86)\apache-ant-1.9.6\lib\ant-jdepend.jar;C:\Program Files (x86)\apache-ant-1.9.6\lib\ant-jmf.jar;C:\Program Files (x86)\apache-ant-1.9.6\lib\ant-jsch.jar;C:\Program Files (x86)\apache-ant-1.9.6\lib\ant-junit.jar;C:\Program Files (x86)\apache-ant-1.9.6\lib\ant-junit4.jar;C:\Program Files (x86)\apache-ant-1.9.6\lib\ant-launcher.jar;C:\Program Files (x86)\apache-ant-1.9.6\lib\ant-netrexx.jar;C:\Program Files (x86)\apache-ant-1.9.6\lib\ant-swing.jar;C:\Program Files (x86)\apache-ant-1.9.6\lib\ant-testutil.jar;C:\Program Files (x86)\apache-ant-1.9.6\lib\ant.jar;C:\Program Files\Java\jdk1.8.0_40\lib\tools.jar" />
    <property name="ant.version" value="Apache Ant(TM) version 1.9.6 compiled on June 29 2015" />
    <property name="ant.file.type.ee3phaser" value="file" />
    <property name="java.vm.specification.name" value="Java Virtual Machine Specification" />
    <property name="ant.file.type" value="file" />
    <property name="java.vm.specification.version" value="1.8" />
    <property name="sun.cpu.endian" value="little" />
    <property name="sun.os.patch.level" value="" />
    <property name="java.io.tmpdir" value="C:\Users\Andre\AppData\Local\Temp\" />
    <property name="test.src" value="C:\java_Andre\Idea\GoIt1\ee4\ee2ant\test" />
    <property name="java.vendor.url.bug" value="http://bugreport.sun.com/bugreport/" />
    <property name="os.arch" value="amd64" />
    <property name="java.awt.graphicsenv" value="sun.awt.Win32GraphicsEnvironment" />
    <property name="java.ext.dirs" value="C:\Program Files\Java\jdk1.8.0_40\jre\lib\ext;C:\WINDOWS\Sun\Java\lib\ext" />
    <property name="user.dir" value="C:\java_Andre\Idea\GoIt1\ee4\ee2ant" />
    <property name="line.separator" value="&#xd;&#xa;" />
    <property name="java.vm.name" value="Java HotSpot(TM) 64-Bit Server VM" />
    <property name="basedir" value="C:\java_Andre\Idea\GoIt1\ee4\ee2ant" />
    <property name="ant.java.version" value="1.8" />
    <property name="ant.core.lib" value="C:\Program Files (x86)\apache-ant-1.9.6\lib\ant.jar" />
    <property name="file.encoding" value="Cp1251" />
    <property name="sun.stderr.encoding" value="cp866" />
    <property name="java.specification.version" value="1.8" />
    <property name="ant.project.invoked-targets" value="junit" />
  </properties>
  <testcase classname="ua.goit.andre.ee2.ExecutorTest" name="testEmptyExecutor" time="0.008" />
  <testcase classname="ua.goit.andre.ee2.ExecutorTest" name="testInValidResultsBeforeExecute" time="0.002" />
  <testcase classname="ua.goit.andre.ee2.ExecutorTest" name="testAddTaskAfterExecute" time="0.002" />
  <testcase classname="ua.goit.andre.ee2.ExecutorTest" name="testAddTaskValidator" time="0.007" />
  <testcase classname="ua.goit.andre.ee2.ExecutorTest" name="testAddTaskValidatorAfterExecute" time="0.0" />
  <testcase classname="ua.goit.andre.ee2.ExecutorTest" name="testValidResultsBeforeExecute" time="0.001" />
  <testcase classname="ua.goit.andre.ee2.ExecutorTest" name="testAddTask" time="0.001" />
  <system-out><![CDATA[]]></system-out>
  <system-err><![CDATA[]]></system-err>
</testsuite>
